
11월 03, 2020 13:16:32.594 NEW SESSION
11월 03, 2020 13:16:32.594 [6680:7692:1103/131632.593:ERROR:device_event_log_impl.cc(208)] [13:16:32.593] Bluetooth: bluetooth_adapter_winrt.cc:1076 Getting Default Adapter failed.
11월 03, 2020 13:26:27.187 [1103/132627.186:ERROR:directory_reader_win.cc(43)] FindFirstFile: 지정된 경로를 찾을 수 없습니다. (0x3)
11월 03, 2020 14:14:54.441 [6680:7692:1103/141454.441:ERROR:page_load_metrics_update_dispatcher.cc(165)] Invalid first_paint 14.913 s for first_image_paint 14.82 s
11월 03, 2020 14:14:55.447 [6680:7692:1103/141455.447:ERROR:page_load_metrics_update_dispatcher.cc(165)] Invalid first_paint 14.913 s for first_image_paint 14.82 s
11월 03, 2020 14:14:56.589 [6680:7692:1103/141456.588:ERROR:page_load_metrics_update_dispatcher.cc(165)] Invalid first_paint 14.913 s for first_image_paint 14.82 s
11월 03, 2020 14:14:57.588 [6680:7692:1103/141457.588:ERROR:page_load_metrics_update_dispatcher.cc(165)] Invalid first_paint 14.913 s for first_image_paint 14.82 s
11월 03, 2020 14:14:58.776 [6680:7692:1103/141458.776:ERROR:page_load_metrics_update_dispatcher.cc(165)] Invalid first_paint 14.913 s for first_image_paint 14.82 s
11월 03, 2020 14:15:00.777 [6680:7692:1103/141500.777:ERROR:page_load_metrics_update_dispatcher.cc(165)] Invalid first_paint 14.913 s for first_image_paint 14.82 s
11월 03, 2020 14:15:02.776 [6680:7692:1103/141502.776:ERROR:page_load_metrics_update_dispatcher.cc(165)] Invalid first_paint 14.913 s for first_image_paint 14.82 s
11월 03, 2020 14:15:04.776 [6680:7692:1103/141504.776:ERROR:page_load_metrics_update_dispatcher.cc(165)] Invalid first_paint 14.913 s for first_image_paint 14.82 s
11월 03, 2020 14:15:06.112 [6680:7692:1103/141506.112:ERROR:page_load_metrics_update_dispatcher.cc(165)] Invalid first_paint 14.913 s for first_image_paint 14.82 s
11월 03, 2020 14:15:07.127 [6680:7692:1103/141507.127:ERROR:page_load_metrics_update_dispatcher.cc(165)] Invalid first_paint 14.913 s for first_image_paint 14.82 s
11월 03, 2020 14:15:08.777 [6680:7692:1103/141508.776:ERROR:page_load_metrics_update_dispatcher.cc(165)] Invalid first_paint 14.913 s for first_image_paint 14.82 s
11월 03, 2020 14:15:10.793 [6680:7692:1103/141510.793:ERROR:page_load_metrics_update_dispatcher.cc(165)] Invalid first_paint 14.913 s for first_image_paint 14.82 s
11월 03, 2020 14:15:10.946 [6680:7692:1103/141510.946:ERROR:page_load_metrics_update_dispatcher.cc(165)] Invalid first_paint 14.913 s for first_image_paint 14.82 s

11월 04, 2020 09:38:07.984 NEW SESSION
11월 04, 2020 09:38:07.984 [5280:3608:1104/093807.983:ERROR:device_event_log_impl.cc(208)] [09:38:07.982] Bluetooth: bluetooth_adapter_winrt.cc:1076 Getting Default Adapter failed.
11월 04, 2020 09:48:05.291 [1104/094805.287:ERROR:directory_reader_win.cc(43)] FindFirstFile: 지정된 경로를 찾을 수 없습니다. (0x3)

11월 05, 2020 09:45:59.705 NEW SESSION
11월 05, 2020 09:45:59.705 [3260:12720:1105/094559.704:ERROR:device_event_log_impl.cc(208)] [09:45:59.704] Bluetooth: bluetooth_adapter_winrt.cc:1076 Getting Default Adapter failed.
11월 05, 2020 09:55:53.923 [1105/095553.921:ERROR:directory_reader_win.cc(43)] FindFirstFile: 지정된 경로를 찾을 수 없습니다. (0x3)
11월 05, 2020 13:09:39.28 [6624:6356:1105/130939.027:ERROR:device_event_log_impl.cc(208)] [13:09:39.027] Bluetooth: bluetooth_adapter_winrt.cc:1076 Getting Default Adapter failed.
11월 05, 2020 13:19:28.729 [1105/131928.727:ERROR:directory_reader_win.cc(43)] FindFirstFile: 지정된 경로를 찾을 수 없습니다. (0x3)
11월 05, 2020 13:51:31.642 [6624:10176:1105/135131.642:ERROR:socket_stream.cc(219)] Closing stream with result -2
11월 05, 2020 14:08:23.58 [6624:10176:1105/140823.058:ERROR:connection_factory_impl.cc(428)] Failed to connect to MCS endpoint with error -106
